** Message: 18:05:25.805: environement.vala:58: Exporting primary_variable
** Message: 18:05:25.805: environement.vala:59: desktop_environnement XDG_CURRENT_DESKTOP
** Message: 18:05:25.805: environement.vala:150: confir_dirs is null, export : /etc/xdg
** Message: 18:05:25.805: environement.vala:184: Exporting XDG_CONFIG_DIRS
** Message: 18:05:25.805: environement.vala:191: data_dirs is null, export : /usr/local/share:/usr/share:/usr/share/gdm:/var/lib/menu-xdg
** Message: 18:05:25.805: environement.vala:225: Exporting XDG_DATA_DIRS
** Message: 18:05:25.805: utils.vala:68: User config used : /home/ubuntu/.config/lxsession/LXDE/desktop.conf
** Message: 18:05:25.805: utils.vala:89: Final file used : /home/ubuntu/.config/lxsession/LXDE/desktop.conf
** Message: 18:05:25.805: settings.vala:540: Key file does not have key “iGtk/ColorScheme” in group “GTK”
** Message: 18:05:25.805: settings.vala:540: Key file does not have key “windows_manager/extras” in group “Session”
** Message: 18:05:25.805: settings.vala:540: Key file does not have key “panel/command” in group “Session”
** Message: 18:05:25.805: settings.vala:540: Key file does not have key “dock/command” in group “Session”
** Message: 18:05:25.806: settings.vala:540: Key file does not have key “file_manager/command” in group “Session”
** Message: 18:05:25.806: settings.vala:540: Key file does not have key “desktop_manager/command” in group “Session”
** Message: 18:05:25.806: settings.vala:540: Key file does not have key “launcher_manager/autostart” in group “Session”
** Message: 18:05:25.806: settings.vala:540: Key file does not have key “composite_manager/command” in group “Session”
** Message: 18:05:25.806: settings.vala:540: Key file does not have key “im1/command” in group “Session”
** Message: 18:05:25.806: settings.vala:540: Key file does not have key “im2/command” in group “Session”
** Message: 18:05:25.806: settings.vala:540: Key file does not have key “widget1/command” in group “Session”
** Message: 18:05:25.806: settings.vala:540: Key file does not have key “notification/command” in group “Session”
** Message: 18:05:25.806: settings.vala:540: Key file does not have key “keybindings/command” in group “Session”
** Message: 18:05:25.806: settings.vala:540: Key file does not have key “im_manager/command” in group “Session”
** Message: 18:05:25.806: settings.vala:540: Key file does not have key “screensaver/command” in group “Session”
** Message: 18:05:25.806: settings.vala:540: Key file does not have key “power_manager/command” in group “Session”
** Message: 18:05:25.806: settings.vala:540: Key file does not have key “audio_manager/command” in group “Session”
** Message: 18:05:25.806: settings.vala:540: Key file does not have key “workspace_manager/command” in group “Session”
** Message: 18:05:25.806: settings.vala:540: Key file does not have key “screenshot_manager/command” in group “Session”
** Message: 18:05:25.806: settings.vala:540: Key file does not have key “message_manager/command” in group “Session”
** Message: 18:05:25.806: settings.vala:540: Key file does not have key “upgrade_manager/command” in group “Session”
** Message: 18:05:25.806: settings.vala:540: Key file does not have key “updates_manager/command” in group “Session”
** Message: 18:05:25.806: settings.vala:540: Key file does not have key “updates_manager/timeout” in group “Session”
** Message: 18:05:25.806: settings.vala:540: Key file does not have key “crash_manager/command” in group “Session”
** Message: 18:05:25.806: settings.vala:540: Key file does not have key “crash_manager/dev_mode” in group “Session”
** Message: 18:05:25.806: settings.vala:540: Key file does not have key “crash_manager/timeout” in group “Session”
** Message: 18:05:25.806: settings.vala:540: Key file does not have key “upstart_user_session” in group “Session”
** Message: 18:05:25.806: settings.vala:540: Key file does not have key “proxy_manager/http” in group “Session”
** Message: 18:05:25.806: settings.vala:540: Key file does not have key “a11y/command” in group “Session”
** Message: 18:05:25.806: settings.vala:540: Key file does not have key “xrandr/command” in group “Session”
** Message: 18:05:25.806: settings.vala:540: Key file does not have key “network_gui/command” in group “Session”
** Message: 18:05:25.806: settings.vala:540: Key file does not have key “webbrowser/command” in group “Session”
** Message: 18:05:25.806: settings.vala:540: Key file does not have key “email/command” in group “Session”
** Message: 18:05:25.806: settings.vala:540: Key file does not have key “pdf_reader/command” in group “Session”
** Message: 18:05:25.806: settings.vala:540: Key file does not have key “video_player/command” in group “Session”
** Message: 18:05:25.806: settings.vala:540: Key file does not have key “audio_player/command” in group “Session”
** Message: 18:05:25.806: settings.vala:540: Key file does not have key “images_display/command” in group “Session”
** Message: 18:05:25.806: settings.vala:540: Key file does not have key “text_editor/command” in group “Session”
** Message: 18:05:25.806: settings.vala:540: Key file does not have key “archive/command” in group “Session”
** Message: 18:05:25.806: settings.vala:540: Key file does not have key “charmap/command” in group “Session”
** Message: 18:05:25.806: settings.vala:540: Key file does not have key “calculator/command” in group “Session”
** Message: 18:05:25.806: settings.vala:540: Key file does not have key “spreadsheet/command” in group “Session”
** Message: 18:05:25.806: settings.vala:540: Key file does not have key “bittorent/command” in group “Session”
** Message: 18:05:25.806: settings.vala:540: Key file does not have key “document/command” in group “Session”
** Message: 18:05:25.806: settings.vala:540: Key file does not have key “webcam/command” in group “Session”
** Message: 18:05:25.806: settings.vala:540: Key file does not have key “burn/command” in group “Session”
** Message: 18:05:25.806: settings.vala:540: Key file does not have key “notes/command” in group “Session”
** Message: 18:05:25.806: settings.vala:540: Key file does not have key “disk_utility/command” in group “Session”
** Message: 18:05:25.806: settings.vala:540: Key file does not have key “tasks/command” in group “Session”
** Message: 18:05:25.806: settings.vala:540: Key file does not have group “Keymap”
** Message: 18:05:25.806: settings.vala:540: Key file does not have key “laptop_mode” in group “State”
** Message: 18:05:25.806: settings.vala:540: Key file does not have key “gnome” in group “Dbus”
** Message: 18:05:25.806: settings.vala:540: Key file does not have key “type” in group “Environment”
** Message: 18:05:25.806: settings.vala:540: Key file does not have key “ubuntu_menuproxy” in group “Environment”
** Message: 18:05:25.806: settings.vala:540: Key file does not have key “toolkit_integration” in group “Environment”
** Message: 18:05:25.806: settings.vala:540: Key file does not have key “gtk/overlay_scrollbar_disable” in group “Environment”
** Message: 18:05:25.806: settings.vala:540: Key file does not have key “qt/force_theme” in group “Environment”
** Message: 18:05:25.806: settings.vala:540: Key file does not have key “qt/platform” in group “Environment”
** Message: 18:05:25.806: settings.vala:462: Monitoring: /home/ubuntu/.config/lxsession/LXDE/desktop.conf
** Message: 18:05:25.806: settings.vala:466: Desktop file is already in config home, do nothing
** Message: 18:05:25.806: environement.vala:79: Exporting variable
** Message: 18:05:25.806: environement.vala:80: desktop_environnement XDG_CURRENT_DESKTOP
** Message: 18:05:25.806: environement.vala:177: custom_config :
** Message: 18:05:25.806: environement.vala:178: config_dirs :/etc/xdg
** Message: 18:05:25.806: environement.vala:179: confir_dirs not null, export : /etc/xdg
** Message: 18:05:25.807: environement.vala:184: Exporting XDG_CONFIG_DIRS
** Message: 18:05:25.807: environement.vala:218: custom_data :
** Message: 18:05:25.807: environement.vala:219: data_dirs :/usr/local/share:/usr/share:/usr/share/gdm:/var/lib/menu-xdg
** Message: 18:05:25.807: environement.vala:220: data_dirs not null, export : /usr/local/share:/usr/share:/usr/share/gdm:/var/lib/menu-xdg
** Message: 18:05:25.807: environement.vala:225: Exporting XDG_DATA_DIRS
** Message: 18:05:25.807: utils.vala:68: User config used : /home/ubuntu/.config/lxsession/LXDE/desktop.conf
** Message: 18:05:25.807: utils.vala:89: Final file used : /home/ubuntu/.config/lxsession/LXDE/desktop.conf
** Message: 18:05:25.807: environement.vala:254: No entry in [Environment_variable]. Key file does not have group “Environment_variable”

** (lxsession:77): WARNING **: 18:05:25.808: process.vala:49: Failed to execute child process “xprop” (No such file or directory)

** (lxsession:77): WARNING **: 18:05:25.808: process.vala:50: Error when launching xprop

** (lxsession:77): WARNING **: 18:05:25.809: process.vala:49: Failed to execute child process “dbus-launch” (No such file or directory)

** (lxsession:77): WARNING **: 18:05:25.809: process.vala:50: Error when launching dbus-launch
** Message: 18:05:25.809: utils.vala:79: Config system location : /etc/xdg/lxsession/LXDE
** Message: 18:05:25.809: utils.vala:85: System system path location : /etc/xdg/lxsession/LXDE/conffiles.conf
** Message: 18:05:25.809: utils.vala:89: Final file used : /etc/xdg/lxsession/LXDE/conffiles.conf
** Message: 18:05:25.809: options.vala:164: Activate xsettings_manager build-in
** Message: 18:05:25.809: utils.vala:68: User config used : /home/ubuntu/.config/lxsession/LXDE/desktop.conf
** Message: 18:05:25.809: utils.vala:89: Final file used : /home/ubuntu/.config/lxsession/LXDE/desktop.conf
** Message: 18:05:25.813: app.vala:721: polkit separate
** Message: 18:05:25.813: app.vala:721: polkit separate
** Message: 18:05:25.814: app.vala:76: Launching lxpolkit 
** Message: 18:05:25.814: utils.vala:68: User config used : /home/ubuntu/.config/lxsession/LXDE/autostart
** Message: 18:05:25.814: utils.vala:89: Final file used : /home/ubuntu/.config/lxsession/LXDE/autostart
** Message: 18:05:25.814: autostart.vala:42: Autostart path : /home/ubuntu/.config/lxsession/LXDE/autostart
** Message: 18:05:25.815: app.vala:76: Launching lxpanel 
** Message: 18:05:25.816: app.vala:76: Launching pcmanfm 

** (lxsession:77): WARNING **: 18:05:25.818: app.vala:86: Failed to execute child process “xscreensaver” (No such file or directory)

** (lxsession:77): WARNING **: 18:05:25.818: app.vala:87: Error when launching xscreensaver
** Message: 18:05:25.819: options.vala:107: Create build-in Clipboard
** Message: 18:05:25.820: main.vala:442: Check keymap_mode (null)
** Message: 18:05:25.822: app.vala:76: Launching /usr/bin/ssh-agent 
SSH_AUTH_SOCK=/tmp/ssh-V02f1mTIcVkx/agent.125; export SSH_AUTH_SOCK;
SSH_AGENT_PID=129; export SSH_AGENT_PID;
echo Agent pid 129;

** (lxsession:77): WARNING **: 18:05:25.827: main.vala:506: Could not acquire name

** Message: 18:05:25.828: app.vala:130: /usr/bin/ssh-agent exit with this type of exit: 0
** Message: 18:05:25.828: main.vala:41: lxpolkit is already running. Existing
** Message: 18:05:25.829: app.vala:130: lxpolkit exit with this type of exit: 0
** Message: 18:05:25.829: app.vala:139: Exit normal, don't reload
** Message: 18:05:25.833: x-terminal-emulator has very limited support, consider choose another terminal
** Message: 18:05:25.836: x-terminal-emulator has very limited support, consider choose another terminal

** (pcmanfm:121): WARNING **: 18:05:25.842: The directory '~/Templates' doesn't exist, ignoring it

** (lxpanel:119): WARNING **: 18:05:25.843: The directory '~/Templates' doesn't exist, ignoring it

(light-locker:127): dconf-WARNING **: 18:05:25.844: failed to commit changes to dconf: Failed to execute child process “dbus-launch” (No such file or directory)

(light-locker:127): dconf-WARNING **: 18:05:25.844: failed to commit changes to dconf: Failed to execute child process “dbus-launch” (No such file or directory)

(light-locker:127): dconf-WARNING **: 18:05:25.844: failed to commit changes to dconf: Failed to execute child process “dbus-launch” (No such file or directory)

(light-locker:127): dconf-WARNING **: 18:05:25.844: failed to commit changes to dconf: Failed to execute child process “dbus-launch” (No such file or directory)

(light-locker:127): dconf-WARNING **: 18:05:25.844: failed to commit changes to dconf: Failed to execute child process “dbus-launch” (No such file or directory)
Openbox-Message: Unable to find a valid menu file "/var/lib/openbox/debian-menu.xml"

** (lxpanel:119): WARNING **: 18:05:25.868: lxpanel: can't load volume plugin

(light-locker:127): dconf-WARNING **: 18:05:25.883: failed to commit changes to dconf: Failed to execute child process “dbus-launch” (No such file or directory)

(light-locker:127): dconf-WARNING **: 18:05:25.884: failed to commit changes to dconf: Failed to execute child process “dbus-launch” (No such file or directory)

(light-locker:127): dconf-WARNING **: 18:05:25.884: failed to commit changes to dconf: Failed to execute child process “dbus-launch” (No such file or directory)

(light-locker:127): dconf-WARNING **: 18:05:25.884: failed to commit changes to dconf: Failed to execute child process “dbus-launch” (No such file or directory)

(light-locker:127): dconf-WARNING **: 18:05:25.885: failed to commit changes to dconf: Failed to execute child process “dbus-launch” (No such file or directory)

** (light-locker:127): WARNING **: 18:05:25.920: failed to register with the message bus
pcmanfm 

(lxpanel:119): Wnck-WARNING **: 18:05:30.357: Unhandled action type _OB_WM_ACTION_UNDECORATE
pcmanfm 

(lxpanel:119): Wnck-WARNING **: 18:05:33.881: Unhandled action type _OB_WM_ACTION_UNDECORATE
lxterminal

(lxterminal:224): Vte-WARNING **: 18:05:38.235: (../../src/vtegtk.cc:1906):int vte_terminal_match_add_gregex(VteTerminal*, GRegex*, GRegexMatchFlags): runtime check failed: (g_regex_get_compile_flags(gregex) & G_REGEX_MULTILINE)

(lxterminal:224): Vte-WARNING **: 18:05:38.235: (../../src/vtegtk.cc:1906):int vte_terminal_match_add_gregex(VteTerminal*, GRegex*, GRegexMatchFlags): runtime check failed: (g_regex_get_compile_flags(gregex) & G_REGEX_MULTILINE)

(lxpanel:119): Wnck-WARNING **: 18:05:38.273: Unhandled action type _OB_WM_ACTION_UNDECORATE

(lxterminal:224): Vte-WARNING **: 18:06:01.523: (../../src/vtegtk.cc:1906):int vte_terminal_match_add_gregex(VteTerminal*, GRegex*, GRegexMatchFlags): runtime check failed: (g_regex_get_compile_flags(gregex) & G_REGEX_MULTILINE)

(lxterminal:224): Vte-WARNING **: 18:06:01.523: (../../src/vtegtk.cc:1906):int vte_terminal_match_add_gregex(VteTerminal*, GRegex*, GRegexMatchFlags): runtime check failed: (g_regex_get_compile_flags(gregex) & G_REGEX_MULTILINE)

(lxpanel:119): Wnck-WARNING **: 18:06:01.538: Unhandled action type _OB_WM_ACTION_UNDECORATE

(lxpanel:119): Wnck-WARNING **: 18:06:01.558: Unhandled action type _OB_WM_ACTION_UNDECORATE

(lxpanel:119): Wnck-WARNING **: 18:06:07.550: Unhandled action type _OB_WM_ACTION_UNDECORATE

(lxpanel:119): Wnck-WARNING **: 18:06:07.567: Unhandled action type _OB_WM_ACTION_UNDECORATE

(lxpanel:119): Wnck-WARNING **: 18:06:10.362: Unhandled action type _OB_WM_ACTION_UNDECORATE

(lxpanel:119): Wnck-WARNING **: 18:06:15.462: Unhandled action type _OB_WM_ACTION_UNDECORATE

(lxpanel:119): Wnck-WARNING **: 18:08:54.176: Unhandled action type _OB_WM_ACTION_UNDECORATE

(lxpanel:119): Wnck-WARNING **: 18:09:19.580: Unhandled action type _OB_WM_ACTION_UNDECORATE

(lxpanel:119): Wnck-WARNING **: 18:13:06.980: Unhandled action type _OB_WM_ACTION_UNDECORATE

(lxpanel:119): Wnck-WARNING **: 18:13:33.378: Unhandled action type _OB_WM_ACTION_UNDECORATE

(lxpanel:119): Wnck-WARNING **: 18:14:03.448: Unhandled action type _OB_WM_ACTION_UNDECORATE

(lxpanel:119): Wnck-WARNING **: 18:17:06.462: Unhandled action type _OB_WM_ACTION_UNDECORATE

(lxpanel:119): Wnck-WARNING **: 18:21:28.688: Unhandled action type _OB_WM_ACTION_UNDECORATE

(lxpanel:119): Wnck-WARNING **: 18:21:52.280: Unhandled action type _OB_WM_ACTION_UNDECORATE

(lxpanel:119): Wnck-WARNING **: 18:22:08.185: Unhandled action type _OB_WM_ACTION_UNDECORATE

(lxpanel:119): Wnck-WARNING **: 18:22:31.964: Unhandled action type _OB_WM_ACTION_UNDECORATE

(lxpanel:119): Wnck-WARNING **: 18:22:48.920: Unhandled action type _OB_WM_ACTION_UNDECORATE

(lxpanel:119): Wnck-WARNING **: 18:23:10.045: Unhandled action type _OB_WM_ACTION_UNDECORATE

(lxpanel:119): Wnck-WARNING **: 18:23:24.204: Unhandled action type _OB_WM_ACTION_UNDECORATE

(lxpanel:119): Wnck-WARNING **: 18:23:41.073: Unhandled action type _OB_WM_ACTION_UNDECORATE

(lxpanel:119): Wnck-WARNING **: 18:23:41.294: Unhandled action type _OB_WM_ACTION_UNDECORATE

(lxpanel:119): Wnck-WARNING **: 18:23:43.176: Unhandled action type _OB_WM_ACTION_UNDECORATE

(lxpanel:119): Wnck-WARNING **: 18:23:43.438: Unhandled action type _OB_WM_ACTION_UNDECORATE

(lxpanel:119): Wnck-WARNING **: 18:23:49.655: Unhandled action type _OB_WM_ACTION_UNDECORATE

(lxpanel:119): Wnck-WARNING **: 18:23:49.659: Unhandled action type _OB_WM_ACTION_UNDECORATE

(lxpanel:119): Wnck-WARNING **: 18:23:50.646: Unhandled action type _OB_WM_ACTION_UNDECORATE

(lxpanel:119): Wnck-WARNING **: 18:23:51.821: Unhandled action type _OB_WM_ACTION_UNDECORATE

(lxpanel:119): Wnck-WARNING **: 18:23:59.092: Unhandled action type _OB_WM_ACTION_UNDECORATE

(lxpanel:119): Wnck-WARNING **: 18:23:59.380: Unhandled action type _OB_WM_ACTION_UNDECORATE

(lxpanel:119): Wnck-WARNING **: 18:23:59.685: Unhandled action type _OB_WM_ACTION_UNDECORATE

(lxpanel:119): Wnck-WARNING **: 18:23:59.978: Unhandled action type _OB_WM_ACTION_UNDECORATE

(lxpanel:119): Wnck-WARNING **: 18:24:02.764: Unhandled action type _OB_WM_ACTION_UNDECORATE

(lxpanel:119): Wnck-WARNING **: 18:24:02.851: Unhandled action type _OB_WM_ACTION_UNDECORATE

(lxpanel:119): Wnck-WARNING **: 18:24:03.109: Unhandled action type _OB_WM_ACTION_UNDECORATE

(lxpanel:119): Wnck-WARNING **: 18:24:03.113: Unhandled action type _OB_WM_ACTION_UNDECORATE

(lxpanel:119): Wnck-WARNING **: 18:24:04.023: Unhandled action type _OB_WM_ACTION_UNDECORATE

(lxpanel:119): Wnck-WARNING **: 18:24:05.335: Unhandled action type _OB_WM_ACTION_UNDECORATE

(lxpanel:119): Wnck-WARNING **: 18:24:14.525: Unhandled action type _OB_WM_ACTION_UNDECORATE

(lxpanel:119): Wnck-WARNING **: 18:24:14.938: Unhandled action type _OB_WM_ACTION_UNDECORATE

(lxpanel:119): Wnck-WARNING **: 18:24:18.836: Unhandled action type _OB_WM_ACTION_UNDECORATE

(lxpanel:119): Wnck-WARNING **: 18:24:18.842: Unhandled action type _OB_WM_ACTION_UNDECORATE

(lxpanel:119): Wnck-WARNING **: 18:24:19.096: Unhandled action type _OB_WM_ACTION_UNDECORATE

(lxpanel:119): Wnck-WARNING **: 18:24:19.096: Unhandled action type _OB_WM_ACTION_UNDECORATE

(lxpanel:119): Wnck-WARNING **: 18:24:20.065: Unhandled action type _OB_WM_ACTION_UNDECORATE

(lxpanel:119): Wnck-WARNING **: 18:24:21.268: Unhandled action type _OB_WM_ACTION_UNDECORATE

(lxpanel:119): Wnck-WARNING **: 18:25:11.604: Unhandled action type _OB_WM_ACTION_UNDECORATE

(lxpanel:119): Wnck-WARNING **: 18:30:17.553: Unhandled action type _OB_WM_ACTION_UNDECORATE

(lxpanel:119): Wnck-WARNING **: 18:30:31.354: Unhandled action type _OB_WM_ACTION_UNDECORATE

(lxpanel:119): Wnck-WARNING **: 18:30:31.456: Unhandled action type _OB_WM_ACTION_UNDECORATE

(lxpanel:119): Wnck-WARNING **: 18:30:37.580: Unhandled action type _OB_WM_ACTION_UNDECORATE

(lxpanel:119): Wnck-WARNING **: 18:30:37.959: Unhandled action type _OB_WM_ACTION_UNDECORATE

(lxpanel:119): Wnck-WARNING **: 18:30:45.842: Unhandled action type _OB_WM_ACTION_UNDECORATE

(lxpanel:119): Wnck-WARNING **: 18:30:45.930: Unhandled action type _OB_WM_ACTION_UNDECORATE

(lxpanel:119): Wnck-WARNING **: 18:30:46.066: Unhandled action type _OB_WM_ACTION_UNDECORATE

(lxpanel:119): Wnck-WARNING **: 18:30:46.183: Unhandled action type _OB_WM_ACTION_UNDECORATE

(lxpanel:119): Wnck-WARNING **: 18:30:47.171: Unhandled action type _OB_WM_ACTION_UNDECORATE

(lxpanel:119): Wnck-WARNING **: 18:30:48.296: Unhandled action type _OB_WM_ACTION_UNDECORATE

(lxpanel:119): Wnck-WARNING **: 19:22:51.305: Unhandled action type _OB_WM_ACTION_UNDECORATE

(lxpanel:119): Wnck-WARNING **: 19:23:04.913: Unhandled action type _OB_WM_ACTION_UNDECORATE

(lxpanel:119): Wnck-WARNING **: 19:26:49.167: Unhandled action type _OB_WM_ACTION_UNDECORATE

(lxpanel:119): Wnck-WARNING **: 19:27:59.832: Unhandled action type _OB_WM_ACTION_UNDECORATE

(lxpanel:119): Wnck-WARNING **: 19:28:22.503: Unhandled action type _OB_WM_ACTION_UNDECORATE

(lxpanel:119): Wnck-WARNING **: 19:36:26.045: Unhandled action type _OB_WM_ACTION_UNDECORATE

(lxpanel:119): Wnck-WARNING **: 19:37:13.004: Unhandled action type _OB_WM_ACTION_UNDECORATE

(lxpanel:119): Wnck-WARNING **: 19:37:40.898: Unhandled action type _OB_WM_ACTION_UNDECORATE

(lxpanel:119): Wnck-WARNING **: 19:38:29.971: Unhandled action type _OB_WM_ACTION_UNDECORATE

(lxpanel:119): Wnck-WARNING **: 19:38:59.259: Unhandled action type _OB_WM_ACTION_UNDECORATE

(lxpanel:119): Wnck-WARNING **: 19:38:59.353: Unhandled action type _OB_WM_ACTION_UNDECORATE

(lxpanel:119): Wnck-WARNING **: 19:38:59.619: Unhandled action type _OB_WM_ACTION_UNDECORATE

(lxpanel:119): Wnck-WARNING **: 19:38:59.622: Unhandled action type _OB_WM_ACTION_UNDECORATE

(lxpanel:119): Wnck-WARNING **: 19:39:00.553: Unhandled action type _OB_WM_ACTION_UNDECORATE

(lxpanel:119): Wnck-WARNING **: 19:39:01.696: Unhandled action type _OB_WM_ACTION_UNDECORATE
