Determining if the pthread_create exist failed with the following output:
Change Dir: /home/ubuntu/build/rbx1_urdf/CMakeFiles/CMakeTmp

Run Build Command:"/usr/bin/make" "cmTC_38d9e/fast"
/usr/bin/make -f CMakeFiles/cmTC_38d9e.dir/build.make CMakeFiles/cmTC_38d9e.dir/build
make[1]: Entering directory '/home/ubuntu/build/rbx1_urdf/CMakeFiles/CMakeTmp'
Building C object CMakeFiles/cmTC_38d9e.dir/CheckSymbolExists.c.o
/usr/bin/cc    -o CMakeFiles/cmTC_38d9e.dir/CheckSymbolExists.c.o   -c /home/ubuntu/build/rbx1_urdf/CMakeFiles/CMakeTmp/CheckSymbolExists.c
Linking C executable cmTC_38d9e
/usr/bin/cmake -E cmake_link_script CMakeFiles/cmTC_38d9e.dir/link.txt --verbose=1
/usr/bin/cc      -rdynamic CMakeFiles/cmTC_38d9e.dir/CheckSymbolExists.c.o  -o cmTC_38d9e 
CMakeFiles/cmTC_38d9e.dir/CheckSymbolExists.c.o: In function `main':
CheckSymbolExists.c:(.text+0x1b): undefined reference to `pthread_create'
collect2: error: ld returned 1 exit status
CMakeFiles/cmTC_38d9e.dir/build.make:97: recipe for target 'cmTC_38d9e' failed
make[1]: *** [cmTC_38d9e] Error 1
make[1]: Leaving directory '/home/ubuntu/build/rbx1_urdf/CMakeFiles/CMakeTmp'
Makefile:126: recipe for target 'cmTC_38d9e/fast' failed
make: *** [cmTC_38d9e/fast] Error 2

File /home/ubuntu/build/rbx1_urdf/CMakeFiles/CMakeTmp/CheckSymbolExists.c:
/* */
#include <pthread.h>

int main(int argc, char** argv)
{
  (void)argv;
#ifndef pthread_create
  return ((int*)(&pthread_create))[argc];
#else
  (void)argc;
  return 0;
#endif
}

Determining if the function pthread_create exists in the pthreads failed with the following output:
Change Dir: /home/ubuntu/build/rbx1_urdf/CMakeFiles/CMakeTmp

Run Build Command:"/usr/bin/make" "cmTC_411ef/fast"
/usr/bin/make -f CMakeFiles/cmTC_411ef.dir/build.make CMakeFiles/cmTC_411ef.dir/build
make[1]: Entering directory '/home/ubuntu/build/rbx1_urdf/CMakeFiles/CMakeTmp'
Building C object CMakeFiles/cmTC_411ef.dir/CheckFunctionExists.c.o
/usr/bin/cc   -DCHECK_FUNCTION_EXISTS=pthread_create   -o CMakeFiles/cmTC_411ef.dir/CheckFunctionExists.c.o   -c /usr/share/cmake-3.10/Modules/CheckFunctionExists.c
Linking C executable cmTC_411ef
/usr/bin/cmake -E cmake_link_script CMakeFiles/cmTC_411ef.dir/link.txt --verbose=1
/usr/bin/cc  -DCHECK_FUNCTION_EXISTS=pthread_create    -rdynamic CMakeFiles/cmTC_411ef.dir/CheckFunctionExists.c.o  -o cmTC_411ef -lpthreads 
/usr/bin/ld: cannot find -lpthreads
collect2: error: ld returned 1 exit status
CMakeFiles/cmTC_411ef.dir/build.make:97: recipe for target 'cmTC_411ef' failed
make[1]: *** [cmTC_411ef] Error 1
make[1]: Leaving directory '/home/ubuntu/build/rbx1_urdf/CMakeFiles/CMakeTmp'
Makefile:126: recipe for target 'cmTC_411ef/fast' failed
make: *** [cmTC_411ef/fast] Error 2


