Linked: (/home/ubuntu/devel/.private/rbx1_driver/include/rbx1_driver/ResetActionRequest.h, /home/ubuntu/devel/include/rbx1_driver/ResetActionRequest.h)
Linked: (/home/ubuntu/devel/.private/rbx1_driver/include/rbx1_driver/StepActionResponse.h, /home/ubuntu/devel/include/rbx1_driver/StepActionResponse.h)
Linked: (/home/ubuntu/devel/.private/rbx1_driver/include/rbx1_driver/StepActionRequest.h, /home/ubuntu/devel/include/rbx1_driver/StepActionRequest.h)
Linked: (/home/ubuntu/devel/.private/rbx1_driver/include/rbx1_driver/ResetAction.h, /home/ubuntu/devel/include/rbx1_driver/ResetAction.h)
Linked: (/home/ubuntu/devel/.private/rbx1_driver/include/rbx1_driver/StepAction.h, /home/ubuntu/devel/include/rbx1_driver/StepAction.h)
Linked: (/home/ubuntu/devel/.private/rbx1_driver/include/rbx1_driver/ResetActionResponse.h, /home/ubuntu/devel/include/rbx1_driver/ResetActionResponse.h)
Linked: (/home/ubuntu/devel/.private/rbx1_driver/share/rbx1_driver/cmake/rbx1_driverConfig.cmake, /home/ubuntu/devel/share/rbx1_driver/cmake/rbx1_driverConfig.cmake)
Linked: (/home/ubuntu/devel/.private/rbx1_driver/share/rbx1_driver/cmake/rbx1_driver-msg-extras.cmake, /home/ubuntu/devel/share/rbx1_driver/cmake/rbx1_driver-msg-extras.cmake)
Linked: (/home/ubuntu/devel/.private/rbx1_driver/share/rbx1_driver/cmake/rbx1_driverConfig-version.cmake, /home/ubuntu/devel/share/rbx1_driver/cmake/rbx1_driverConfig-version.cmake)
Linked: (/home/ubuntu/devel/.private/rbx1_driver/share/rbx1_driver/cmake/rbx1_driver-msg-paths.cmake, /home/ubuntu/devel/share/rbx1_driver/cmake/rbx1_driver-msg-paths.cmake)
Linked: (/home/ubuntu/devel/.private/rbx1_driver/share/gennodejs/ros/rbx1_driver/_index.js, /home/ubuntu/devel/share/gennodejs/ros/rbx1_driver/_index.js)
Linked: (/home/ubuntu/devel/.private/rbx1_driver/share/gennodejs/ros/rbx1_driver/srv/ResetAction.js, /home/ubuntu/devel/share/gennodejs/ros/rbx1_driver/srv/ResetAction.js)
Linked: (/home/ubuntu/devel/.private/rbx1_driver/share/gennodejs/ros/rbx1_driver/srv/_index.js, /home/ubuntu/devel/share/gennodejs/ros/rbx1_driver/srv/_index.js)
Linked: (/home/ubuntu/devel/.private/rbx1_driver/share/gennodejs/ros/rbx1_driver/srv/StepAction.js, /home/ubuntu/devel/share/gennodejs/ros/rbx1_driver/srv/StepAction.js)
Linked: (/home/ubuntu/devel/.private/rbx1_driver/share/roseus/ros/rbx1_driver/manifest.l, /home/ubuntu/devel/share/roseus/ros/rbx1_driver/manifest.l)
Linked: (/home/ubuntu/devel/.private/rbx1_driver/share/roseus/ros/rbx1_driver/srv/ResetAction.l, /home/ubuntu/devel/share/roseus/ros/rbx1_driver/srv/ResetAction.l)
Linked: (/home/ubuntu/devel/.private/rbx1_driver/share/roseus/ros/rbx1_driver/srv/StepAction.l, /home/ubuntu/devel/share/roseus/ros/rbx1_driver/srv/StepAction.l)
Linked: (/home/ubuntu/devel/.private/rbx1_driver/share/common-lisp/ros/rbx1_driver/srv/ResetAction.lisp, /home/ubuntu/devel/share/common-lisp/ros/rbx1_driver/srv/ResetAction.lisp)
Linked: (/home/ubuntu/devel/.private/rbx1_driver/share/common-lisp/ros/rbx1_driver/srv/_package_StepAction.lisp, /home/ubuntu/devel/share/common-lisp/ros/rbx1_driver/srv/_package_StepAction.lisp)
Linked: (/home/ubuntu/devel/.private/rbx1_driver/share/common-lisp/ros/rbx1_driver/srv/_package_ResetAction.lisp, /home/ubuntu/devel/share/common-lisp/ros/rbx1_driver/srv/_package_ResetAction.lisp)
Linked: (/home/ubuntu/devel/.private/rbx1_driver/share/common-lisp/ros/rbx1_driver/srv/rbx1_driver-srv.asd, /home/ubuntu/devel/share/common-lisp/ros/rbx1_driver/srv/rbx1_driver-srv.asd)
Linked: (/home/ubuntu/devel/.private/rbx1_driver/share/common-lisp/ros/rbx1_driver/srv/_package.lisp, /home/ubuntu/devel/share/common-lisp/ros/rbx1_driver/srv/_package.lisp)
Linked: (/home/ubuntu/devel/.private/rbx1_driver/share/common-lisp/ros/rbx1_driver/srv/StepAction.lisp, /home/ubuntu/devel/share/common-lisp/ros/rbx1_driver/srv/StepAction.lisp)
Linked: (/home/ubuntu/devel/.private/rbx1_driver/lib/python2.7/dist-packages/rbx1_driver/__init__.py, /home/ubuntu/devel/lib/python2.7/dist-packages/rbx1_driver/__init__.py)
Linked: (/home/ubuntu/devel/.private/rbx1_driver/lib/python2.7/dist-packages/rbx1_driver/srv/_StepAction.py, /home/ubuntu/devel/lib/python2.7/dist-packages/rbx1_driver/srv/_StepAction.py)
Linked: (/home/ubuntu/devel/.private/rbx1_driver/lib/python2.7/dist-packages/rbx1_driver/srv/__init__.py, /home/ubuntu/devel/lib/python2.7/dist-packages/rbx1_driver/srv/__init__.py)
Linked: (/home/ubuntu/devel/.private/rbx1_driver/lib/python2.7/dist-packages/rbx1_driver/srv/_ResetAction.py, /home/ubuntu/devel/lib/python2.7/dist-packages/rbx1_driver/srv/_ResetAction.py)
Linked: (/home/ubuntu/devel/.private/rbx1_driver/lib/pkgconfig/rbx1_driver.pc, /home/ubuntu/devel/lib/pkgconfig/rbx1_driver.pc)
