Determining if the pthread_create exist failed with the following output:
Change Dir: /home/ubuntu/build/rbx1_moveit_config/CMakeFiles/CMakeTmp

Run Build Command:"/usr/bin/make" "cmTC_673fd/fast"
/usr/bin/make -f CMakeFiles/cmTC_673fd.dir/build.make CMakeFiles/cmTC_673fd.dir/build
make[1]: Entering directory '/home/ubuntu/build/rbx1_moveit_config/CMakeFiles/CMakeTmp'
Building C object CMakeFiles/cmTC_673fd.dir/CheckSymbolExists.c.o
/usr/bin/cc    -o CMakeFiles/cmTC_673fd.dir/CheckSymbolExists.c.o   -c /home/ubuntu/build/rbx1_moveit_config/CMakeFiles/CMakeTmp/CheckSymbolExists.c
Linking C executable cmTC_673fd
/usr/bin/cmake -E cmake_link_script CMakeFiles/cmTC_673fd.dir/link.txt --verbose=1
/usr/bin/cc      -rdynamic CMakeFiles/cmTC_673fd.dir/CheckSymbolExists.c.o  -o cmTC_673fd 
CMakeFiles/cmTC_673fd.dir/CheckSymbolExists.c.o: In function `main':
CheckSymbolExists.c:(.text+0x1b): undefined reference to `pthread_create'
collect2: error: ld returned 1 exit status
CMakeFiles/cmTC_673fd.dir/build.make:97: recipe for target 'cmTC_673fd' failed
make[1]: *** [cmTC_673fd] Error 1
make[1]: Leaving directory '/home/ubuntu/build/rbx1_moveit_config/CMakeFiles/CMakeTmp'
Makefile:126: recipe for target 'cmTC_673fd/fast' failed
make: *** [cmTC_673fd/fast] Error 2

File /home/ubuntu/build/rbx1_moveit_config/CMakeFiles/CMakeTmp/CheckSymbolExists.c:
/* */
#include <pthread.h>

int main(int argc, char** argv)
{
  (void)argv;
#ifndef pthread_create
  return ((int*)(&pthread_create))[argc];
#else
  (void)argc;
  return 0;
#endif
}

Determining if the function pthread_create exists in the pthreads failed with the following output:
Change Dir: /home/ubuntu/build/rbx1_moveit_config/CMakeFiles/CMakeTmp

Run Build Command:"/usr/bin/make" "cmTC_8736e/fast"
/usr/bin/make -f CMakeFiles/cmTC_8736e.dir/build.make CMakeFiles/cmTC_8736e.dir/build
make[1]: Entering directory '/home/ubuntu/build/rbx1_moveit_config/CMakeFiles/CMakeTmp'
Building C object CMakeFiles/cmTC_8736e.dir/CheckFunctionExists.c.o
/usr/bin/cc   -DCHECK_FUNCTION_EXISTS=pthread_create   -o CMakeFiles/cmTC_8736e.dir/CheckFunctionExists.c.o   -c /usr/share/cmake-3.10/Modules/CheckFunctionExists.c
Linking C executable cmTC_8736e
/usr/bin/cmake -E cmake_link_script CMakeFiles/cmTC_8736e.dir/link.txt --verbose=1
/usr/bin/cc  -DCHECK_FUNCTION_EXISTS=pthread_create    -rdynamic CMakeFiles/cmTC_8736e.dir/CheckFunctionExists.c.o  -o cmTC_8736e -lpthreads 
/usr/bin/ld: cannot find -lpthreads
collect2: error: ld returned 1 exit status
CMakeFiles/cmTC_8736e.dir/build.make:97: recipe for target 'cmTC_8736e' failed
make[1]: *** [cmTC_8736e] Error 1
make[1]: Leaving directory '/home/ubuntu/build/rbx1_moveit_config/CMakeFiles/CMakeTmp'
Makefile:126: recipe for target 'cmTC_8736e/fast' failed
make: *** [cmTC_8736e/fast] Error 2


